mode: set
github.com/SignorMercurio/limner/printer/plain.go:11.56,13.2 1 1
github.com/SignorMercurio/limner/printer/single_color.go:14.63,16.2 1 1
github.com/SignorMercurio/limner/printer/table.go:16.56,17.48 1 1
github.com/SignorMercurio/limner/printer/table.go:17.48,18.24 1 1
github.com/SignorMercurio/limner/printer/table.go:24.3,24.39 1 1
github.com/SignorMercurio/limner/printer/table.go:18.24,21.12 3 1
github.com/SignorMercurio/limner/printer/table.go:28.87,33.2 1 1
github.com/SignorMercurio/limner/printer/table.go:36.52,41.2 2 1
github.com/SignorMercurio/limner/printer/table.go:44.84,48.33 3 1
github.com/SignorMercurio/limner/printer/table.go:64.2,64.17 1 1
github.com/SignorMercurio/limner/printer/table.go:48.33,50.28 2 1
github.com/SignorMercurio/limner/printer/table.go:55.3,58.31 2 1
github.com/SignorMercurio/limner/printer/table.go:50.28,51.47 1 1
github.com/SignorMercurio/limner/printer/table.go:51.47,53.5 1 1
github.com/SignorMercurio/limner/printer/table.go:58.31,61.4 2 1
github.com/SignorMercurio/limner/printer/yaml.go:16.55,17.48 1 1
github.com/SignorMercurio/limner/printer/yaml.go:17.48,19.3 1 1
github.com/SignorMercurio/limner/printer/yaml.go:22.36,24.2 1 1
github.com/SignorMercurio/limner/printer/yaml.go:27.60,32.17 4 1
github.com/SignorMercurio/limner/printer/yaml.go:40.2,44.24 3 1
github.com/SignorMercurio/limner/printer/yaml.go:56.2,56.33 1 1
github.com/SignorMercurio/limner/printer/yaml.go:64.2,65.23 2 1
github.com/SignorMercurio/limner/printer/yaml.go:75.2,75.54 1 1
github.com/SignorMercurio/limner/printer/yaml.go:32.17,37.3 3 1
github.com/SignorMercurio/limner/printer/yaml.go:44.24,53.3 7 1
github.com/SignorMercurio/limner/printer/yaml.go:56.33,61.3 3 1
github.com/SignorMercurio/limner/printer/yaml.go:65.23,66.18 1 1
github.com/SignorMercurio/limner/printer/yaml.go:72.3,72.9 1 1
github.com/SignorMercurio/limner/printer/yaml.go:66.18,69.4 2 1
github.com/SignorMercurio/limner/printer/yaml.go:69.9,71.4 1 1
github.com/SignorMercurio/limner/printer/yaml.go:79.51,81.2 1 1
github.com/SignorMercurio/limner/printer/yaml.go:84.49,86.2 1 1
github.com/SignorMercurio/limner/printer/yaml.go:89.51,91.2 1 1
github.com/SignorMercurio/limner/printer/yaml.go:94.50,96.2 1 1
github.com/SignorMercurio/limner/printer/yaml.go:99.56,101.23 2 1
github.com/SignorMercurio/limner/printer/yaml.go:105.2,107.60 2 1
github.com/SignorMercurio/limner/printer/yaml.go:101.23,103.3 1 1
github.com/SignorMercurio/limner/printer/yaml.go:111.52,113.33 2 1
github.com/SignorMercurio/limner/printer/yaml.go:116.2,116.21 1 1
github.com/SignorMercurio/limner/printer/yaml.go:120.2,123.56 3 1
github.com/SignorMercurio/limner/printer/yaml.go:113.33,115.3 1 1
github.com/SignorMercurio/limner/printer/yaml.go:116.21,118.3 1 1
github.com/SignorMercurio/limner/printer/yaml.go:127.56,128.19 1 1
github.com/SignorMercurio/limner/printer/yaml.go:132.2,133.24 2 1
github.com/SignorMercurio/limner/printer/yaml.go:136.2,136.23 1 1
github.com/SignorMercurio/limner/printer/yaml.go:140.2,143.76 3 1
github.com/SignorMercurio/limner/printer/yaml.go:128.19,130.3 1 1
github.com/SignorMercurio/limner/printer/yaml.go:133.24,135.3 1 1
github.com/SignorMercurio/limner/printer/yaml.go:136.23,138.3 1 1
github.com/SignorMercurio/limner/printer/custom.go:16.57,17.48 1 1
github.com/SignorMercurio/limner/printer/custom.go:17.48,19.3 1 1
github.com/SignorMercurio/limner/printer/format.go:11.33,13.2 1 1
github.com/SignorMercurio/limner/printer/format.go:16.31,18.2 1 1
github.com/SignorMercurio/limner/printer/format.go:21.32,23.26 2 1
github.com/SignorMercurio/limner/printer/format.go:28.2,28.14 1 1
github.com/SignorMercurio/limner/printer/format.go:23.26,24.17 1 1
github.com/SignorMercurio/limner/printer/format.go:24.17,26.4 1 1
github.com/SignorMercurio/limner/printer/format.go:32.32,34.2 1 1
github.com/SignorMercurio/limner/printer/format.go:37.31,40.2 2 1
github.com/SignorMercurio/limner/printer/format.go:43.52,44.9 1 1
github.com/SignorMercurio/limner/printer/format.go:45.21,46.19 1 1
github.com/SignorMercurio/limner/printer/format.go:47.21,48.19 1 1
github.com/SignorMercurio/limner/printer/format.go:49.20,50.21 1 1
github.com/SignorMercurio/limner/printer/format.go:51.10,52.21 1 1
github.com/SignorMercurio/limner/printer/json.go:16.55,19.62 2 1
github.com/SignorMercurio/limner/printer/json.go:19.62,21.3 1 1
github.com/SignorMercurio/limner/printer/json.go:24.66,28.2 1 1
github.com/SignorMercurio/limner/printer/json.go:31.60,37.98 4 1
github.com/SignorMercurio/limner/printer/json.go:43.2,47.24 3 1
github.com/SignorMercurio/limner/printer/json.go:52.2,53.78 2 1
github.com/SignorMercurio/limner/printer/json.go:37.98,40.3 2 1
github.com/SignorMercurio/limner/printer/json.go:47.24,50.3 2 1
github.com/SignorMercurio/limner/printer/json.go:57.52,62.2 3 1
github.com/SignorMercurio/limner/printer/json.go:65.56,66.15 1 1
github.com/SignorMercurio/limner/printer/json.go:71.2,72.24 2 1
github.com/SignorMercurio/limner/printer/json.go:75.2,75.35 1 1
github.com/SignorMercurio/limner/printer/json.go:79.2,82.76 3 1
github.com/SignorMercurio/limner/printer/json.go:67.29,68.15 1 1
github.com/SignorMercurio/limner/printer/json.go:72.24,74.3 1 1
github.com/SignorMercurio/limner/printer/json.go:75.35,77.3 1 1
github.com/SignorMercurio/limner/printer/json.go:86.51,88.2 1 1
github.com/SignorMercurio/limner/printer/seems.go:11.40,30.37 2 1
github.com/SignorMercurio/limner/printer/seems.go:35.2,35.14 1 1
github.com/SignorMercurio/limner/printer/seems.go:30.37,31.34 1 1
github.com/SignorMercurio/limner/printer/seems.go:31.34,33.4 1 1
github.com/SignorMercurio/limner/printer/seems.go:39.39,41.2 1 1
github.com/SignorMercurio/limner/printer/seems.go:44.40,61.37 2 1
github.com/SignorMercurio/limner/printer/seems.go:66.2,66.14 1 1
github.com/SignorMercurio/limner/printer/seems.go:61.37,62.34 1 1
github.com/SignorMercurio/limner/printer/seems.go:62.34,64.4 1 1
github.com/SignorMercurio/limner/printer/seems.go:70.58,71.37 1 1
github.com/SignorMercurio/limner/printer/seems.go:83.2,83.17 1 1
github.com/SignorMercurio/limner/printer/seems.go:71.37,73.27 2 1
github.com/SignorMercurio/limner/printer/seems.go:73.27,75.4 1 1
github.com/SignorMercurio/limner/printer/seems.go:75.9,78.30 3 1
github.com/SignorMercurio/limner/printer/seems.go:78.30,80.5 1 1
github.com/SignorMercurio/limner/printer/should.go:11.34,17.25 4 1
github.com/SignorMercurio/limner/printer/should.go:22.2,23.29 2 1
github.com/SignorMercurio/limner/printer/should.go:27.2,30.19 3 1
github.com/SignorMercurio/limner/printer/should.go:17.25,19.3 1 1
github.com/SignorMercurio/limner/printer/should.go:23.29,25.3 1 1
github.com/SignorMercurio/limner/printer/should.go:34.67,37.2 2 1
github.com/SignorMercurio/limner/printer/should.go:40.35,44.25 4 1
github.com/SignorMercurio/limner/printer/should.go:48.2,48.29 1 1
github.com/SignorMercurio/limner/printer/should.go:53.2,53.14 1 1
github.com/SignorMercurio/limner/printer/should.go:44.25,46.3 1 1
github.com/SignorMercurio/limner/printer/should.go:48.29,49.71 1 1
github.com/SignorMercurio/limner/printer/should.go:49.71,51.4 1 1
github.com/SignorMercurio/limner/printer/color.go:16.56,21.17 3 1
github.com/SignorMercurio/limner/printer/color.go:45.2,45.23 1 1
github.com/SignorMercurio/limner/printer/color.go:22.21,23.29 1 1
github.com/SignorMercurio/limner/printer/color.go:24.14,25.63 1 1
github.com/SignorMercurio/limner/printer/color.go:30.15,31.41 1 1
github.com/SignorMercurio/limner/printer/color.go:33.10,35.10 1 1
github.com/SignorMercurio/limner/printer/color.go:25.63,27.4 1 1
github.com/SignorMercurio/limner/printer/color.go:27.9,29.4 1 1
github.com/SignorMercurio/limner/printer/color.go:36.34,37.37 1 1
github.com/SignorMercurio/limner/printer/color.go:38.25,39.42 1 1
github.com/SignorMercurio/limner/printer/color.go:40.24,41.30 1 1
github.com/SignorMercurio/limner/printer/color.go:49.60,51.9 2 1
github.com/SignorMercurio/limner/printer/color.go:53.29,54.25 1 1
github.com/SignorMercurio/limner/printer/color.go:55.29,56.27 1 1
github.com/SignorMercurio/limner/printer/color.go:57.28,58.28 1 1
github.com/SignorMercurio/limner/printer/color.go:59.10,60.34 1 1
github.com/SignorMercurio/limner/printer/color_theme.go:23.45,24.18 1 1
github.com/SignorMercurio/limner/printer/color_theme.go:25.15,26.21 1 1
github.com/SignorMercurio/limner/printer/color_theme.go:27.13,28.19 1 1
github.com/SignorMercurio/limner/printer/color_theme.go:29.15,30.21 1 1
github.com/SignorMercurio/limner/printer/color_theme.go:31.16,32.22 1 1
github.com/SignorMercurio/limner/printer/color_theme.go:33.14,34.20 1 1
github.com/SignorMercurio/limner/printer/color_theme.go:35.17,36.23 1 1
github.com/SignorMercurio/limner/printer/color_theme.go:37.14,38.20 1 1
github.com/SignorMercurio/limner/printer/color_theme.go:39.10,40.21 1 1
github.com/SignorMercurio/limner/printer/color_theme.go:45.58,47.31 2 1
github.com/SignorMercurio/limner/printer/color_theme.go:50.2,50.15 1 1
github.com/SignorMercurio/limner/printer/color_theme.go:47.31,49.3 1 1
github.com/SignorMercurio/limner/printer/color_theme.go:53.23,54.38 1 1
github.com/SignorMercurio/limner/printer/color_theme.go:54.38,56.30 2 1
github.com/SignorMercurio/limner/printer/color_theme.go:57.15,59.15 2 1
github.com/SignorMercurio/limner/printer/color_theme.go:73.22,74.35 1 1
github.com/SignorMercurio/limner/printer/color_theme.go:60.21,61.24 1 1
github.com/SignorMercurio/limner/printer/color_theme.go:62.24,63.27 1 1
github.com/SignorMercurio/limner/printer/color_theme.go:64.22,65.25 1 1
github.com/SignorMercurio/limner/printer/color_theme.go:66.24,67.27 1 1
github.com/SignorMercurio/limner/printer/color_theme.go:68.22,69.25 1 1
github.com/SignorMercurio/limner/printer/color_theme.go:70.24,71.27 1 1
